INFO:     Started server process [1372]
INFO:     Waiting for application startup.
/var/www/html/app/Services/Keuangan/KasDss/python_ml/main.py:53: UserWarning: pandas only supports SQLAlchemy connectable (engine/connection) or database string URI or sqlite3 DBAPI2 connection. Other DBAPI2 objects are not tested. Please consider using SQLAlchemy.
  df = pd.read_sql(query, conn)
/var/www/html/app/Services/Keuangan/KasDss/python_ml/main.py:53: UserWarning: pandas only supports SQLAlchemy connectable (engine/connection) or database string URI or sqlite3 DBAPI2 connection. Other DBAPI2 objects are not tested. Please consider using SQLAlchemy.
  df = pd.read_sql(query, conn)
INFO:     Application startup complete.
INFO:     Uvicorn running on http://127.0.0.1:8000 (Press CTRL+C to quit)
Training ML Models from tb_kas...
Training complete.
INFO:     127.0.0.1:60138 - "POST /predict HTTP/1.1" 200 OK
INFO:     127.0.0.1:60144 - "POST /predict HTTP/1.1" 200 OK
INFO:     127.0.0.1:55492 - "POST /predict HTTP/1.1" 200 OK
INFO:     127.0.0.1:40882 - "POST /predict HTTP/1.1" 200 OK
INFO:     127.0.0.1:40890 - "POST /predict HTTP/1.1" 200 OK
INFO:     127.0.0.1:52308 - "POST /predict HTTP/1.1" 200 OK
INFO:     127.0.0.1:52312 - "POST /predict HTTP/1.1" 200 OK
INFO:     127.0.0.1:52326 - "POST /predict HTTP/1.1" 200 OK
INFO:     127.0.0.1:52340 - "POST /predict HTTP/1.1" 200 OK
INFO:     127.0.0.1:50356 - "POST /predict HTTP/1.1" 200 OK
INFO:     127.0.0.1:50370 - "POST /predict HTTP/1.1" 200 OK
INFO:     127.0.0.1:43580 - "POST /predict HTTP/1.1" 200 OK
INFO:     127.0.0.1:43586 - "POST /predict HTTP/1.1" 200 OK
INFO:     127.0.0.1:60704 - "POST /predict HTTP/1.1" 200 OK
INFO:     127.0.0.1:60716 - "POST /predict HTTP/1.1" 200 OK
INFO:     127.0.0.1:60732 - "POST /predict HTTP/1.1" 200 OK
INFO:     127.0.0.1:60746 - "POST /predict HTTP/1.1" 200 OK
INFO:     127.0.0.1:44932 - "POST /predict HTTP/1.1" 200 OK
INFO:     127.0.0.1:44944 - "POST /predict HTTP/1.1" 200 OK
INFO:     127.0.0.1:44948 - "POST /predict HTTP/1.1" 200 OK
INFO:     127.0.0.1:44960 - "POST /predict HTTP/1.1" 200 OK
INFO:     127.0.0.1:44966 - "POST /predict HTTP/1.1" 200 OK
INFO:     127.0.0.1:44980 - "POST /predict HTTP/1.1" 200 OK
INFO:     127.0.0.1:37452 - "POST /predict HTTP/1.1" 200 OK
INFO:     127.0.0.1:37458 - "POST /predict HTTP/1.1" 200 OK
INFO:     127.0.0.1:33916 - "POST /predict HTTP/1.1" 200 OK
INFO:     127.0.0.1:33926 - "POST /predict HTTP/1.1" 200 OK
INFO:     127.0.0.1:33928 - "POST /predict HTTP/1.1" 200 OK
INFO:     127.0.0.1:33938 - "POST /predict HTTP/1.1" 200 OK
INFO:     127.0.0.1:33954 - "POST /predict HTTP/1.1" 200 OK
INFO:     127.0.0.1:33966 - "POST /predict HTTP/1.1" 200 OK
nohup: ignoring input
INFO:     Started server process [68789]
INFO:     Waiting for application startup.
/root/isystem-1/app/Services/Keuangan/KasDss/python_ml/main.py:658: UserWarning: pandas only supports SQLAlchemy connectable (engine/connection) or database string URI or sqlite3 DBAPI2 connection. Other DBAPI2 objects are not tested. Please consider using SQLAlchemy.
  names = pd.read_sql("SELECT Kode_Akun, Nama_Akun FROM tb_nabb", conn_names)
/root/isystem-1/app/Services/Keuangan/KasDss/python_ml/main.py:679: UserWarning: pandas only supports SQLAlchemy connectable (engine/connection) or database string URI or sqlite3 DBAPI2 connection. Other DBAPI2 objects are not tested. Please consider using SQLAlchemy.
  df = pd.read_sql(query, conn)
/root/isystem-1/app/Services/Keuangan/KasDss/python_ml/main.py:679: UserWarning: pandas only supports SQLAlchemy connectable (engine/connection) or database string URI or sqlite3 DBAPI2 connection. Other DBAPI2 objects are not tested. Please consider using SQLAlchemy.
  df = pd.read_sql(query, conn)
INFO:     Application startup complete.
INFO:     Uvicorn running on http://127.0.0.1:8000 (Press CTRL+C to quit)
Training ML Models from tb_kas...
Training complete.
INFO:     127.0.0.1:54156 - "GET /openapi.json HTTP/1.1" 200 OK
INFO:     127.0.0.1:59526 - "GET /openapi.json HTTP/1.1" 200 OK
INFO:     127.0.0.1:54852 - "POST /ocr-po HTTP/1.1" 500 Internal Server Error
ERROR:    Exception in ASGI application
Traceback (most recent call last):
  File "/root/isystem-1/app/Services/Keuangan/KasDss/python_ml/venv/lib/python3.10/site-packages/uvicorn/protocols/http/h11_impl.py", line 416, in run_asgi
    result = await app(  # type: ignore[func-returns-value]
  File "/root/isystem-1/app/Services/Keuangan/KasDss/python_ml/venv/lib/python3.10/site-packages/uvicorn/middleware/proxy_headers.py", line 63, in __call__
    return await self.app(scope, receive, send)
  File "/root/isystem-1/app/Services/Keuangan/KasDss/python_ml/venv/lib/python3.10/site-packages/fastapi/applications.py", line 1163, in __call__
    await super().__call__(scope, receive, send)
  File "/root/isystem-1/app/Services/Keuangan/KasDss/python_ml/venv/lib/python3.10/site-packages/starlette/applications.py", line 90, in __call__
    await self.middleware_stack(scope, receive, send)
  File "/root/isystem-1/app/Services/Keuangan/KasDss/python_ml/venv/lib/python3.10/site-packages/starlette/middleware/errors.py", line 186, in __call__
    raise exc
  File "/root/isystem-1/app/Services/Keuangan/KasDss/python_ml/venv/lib/python3.10/site-packages/starlette/middleware/errors.py", line 164, in __call__
    await self.app(scope, receive, _send)
  File "/root/isystem-1/app/Services/Keuangan/KasDss/python_ml/venv/lib/python3.10/site-packages/starlette/middleware/exceptions.py", line 63, in __call__
    await wrap_app_handling_exceptions(self.app, conn)(scope, receive, send)
  File "/root/isystem-1/app/Services/Keuangan/KasDss/python_ml/venv/lib/python3.10/site-packages/starlette/_exception_handler.py", line 53, in wrapped_app
    raise exc
  File "/root/isystem-1/app/Services/Keuangan/KasDss/python_ml/venv/lib/python3.10/site-packages/starlette/_exception_handler.py", line 42, in wrapped_app
    await app(scope, receive, sender)
  File "/root/isystem-1/app/Services/Keuangan/KasDss/python_ml/venv/lib/python3.10/site-packages/fastapi/middleware/asyncexitstack.py", line 18, in __call__
    await self.app(scope, receive, send)
  File "/root/isystem-1/app/Services/Keuangan/KasDss/python_ml/venv/lib/python3.10/site-packages/starlette/routing.py", line 660, in __call__
    await self.middleware_stack(scope, receive, send)
  File "/root/isystem-1/app/Services/Keuangan/KasDss/python_ml/venv/lib/python3.10/site-packages/fastapi/routing.py", line 2685, in app
    await route.handle(scope, receive, send)
  File "/root/isystem-1/app/Services/Keuangan/KasDss/python_ml/venv/lib/python3.10/site-packages/fastapi/routing.py", line 1267, in handle
    await super().handle(scope, receive, send)
  File "/root/isystem-1/app/Services/Keuangan/KasDss/python_ml/venv/lib/python3.10/site-packages/starlette/routing.py", line 276, in handle
    await self.app(scope, receive, send)
  File "/root/isystem-1/app/Services/Keuangan/KasDss/python_ml/venv/lib/python3.10/site-packages/fastapi/routing.py", line 151, in app
    await wrap_app_handling_exceptions(app, request)(scope, receive, send)
  File "/root/isystem-1/app/Services/Keuangan/KasDss/python_ml/venv/lib/python3.10/site-packages/starlette/_exception_handler.py", line 53, in wrapped_app
    raise exc
  File "/root/isystem-1/app/Services/Keuangan/KasDss/python_ml/venv/lib/python3.10/site-packages/starlette/_exception_handler.py", line 42, in wrapped_app
    await app(scope, receive, sender)
  File "/root/isystem-1/app/Services/Keuangan/KasDss/python_ml/venv/lib/python3.10/site-packages/fastapi/routing.py", line 137, in app
    response = await f(request)
  File "/root/isystem-1/app/Services/Keuangan/KasDss/python_ml/venv/lib/python3.10/site-packages/fastapi/routing.py", line 691, in app
    raw_response = await run_endpoint_function(
  File "/root/isystem-1/app/Services/Keuangan/KasDss/python_ml/venv/lib/python3.10/site-packages/fastapi/routing.py", line 345, in run_endpoint_function
    return await dependant.call(**values)
  File "/root/isystem-1/app/Services/Keuangan/KasDss/python_ml/main.py", line 1248, in ocr_po
    num = float(val)
ValueError: could not convert string to float: '1.200.000'
INFO:     Shutting down
INFO:     Waiting for application shutdown.
INFO:     Application shutdown complete.
INFO:     Finished server process [68789]
nohup: ignoring input
INFO:     Started server process [69715]
INFO:     Waiting for application startup.
/root/isystem-1/app/Services/Keuangan/KasDss/python_ml/main.py:658: UserWarning: pandas only supports SQLAlchemy connectable (engine/connection) or database string URI or sqlite3 DBAPI2 connection. Other DBAPI2 objects are not tested. Please consider using SQLAlchemy.
  names = pd.read_sql("SELECT Kode_Akun, Nama_Akun FROM tb_nabb", conn_names)
/root/isystem-1/app/Services/Keuangan/KasDss/python_ml/main.py:679: UserWarning: pandas only supports SQLAlchemy connectable (engine/connection) or database string URI or sqlite3 DBAPI2 connection. Other DBAPI2 objects are not tested. Please consider using SQLAlchemy.
  df = pd.read_sql(query, conn)
/root/isystem-1/app/Services/Keuangan/KasDss/python_ml/main.py:679: UserWarning: pandas only supports SQLAlchemy connectable (engine/connection) or database string URI or sqlite3 DBAPI2 connection. Other DBAPI2 objects are not tested. Please consider using SQLAlchemy.
  df = pd.read_sql(query, conn)
INFO:     Application startup complete.
INFO:     Uvicorn running on http://127.0.0.1:8000 (Press CTRL+C to quit)
Training ML Models from tb_kas...
Training complete.
INFO:     127.0.0.1:41990 - "POST /ocr-po HTTP/1.1" 200 OK
INFO:     Shutting down
INFO:     Waiting for application shutdown.
INFO:     Application shutdown complete.
INFO:     Finished server process [69715]
nohup: ignoring input
INFO:     Started server process [71055]
INFO:     Waiting for application startup.
/root/isystem-1/app/Services/Keuangan/KasDss/python_ml/main.py:658: UserWarning: pandas only supports SQLAlchemy connectable (engine/connection) or database string URI or sqlite3 DBAPI2 connection. Other DBAPI2 objects are not tested. Please consider using SQLAlchemy.
  names = pd.read_sql("SELECT Kode_Akun, Nama_Akun FROM tb_nabb", conn_names)
/root/isystem-1/app/Services/Keuangan/KasDss/python_ml/main.py:679: UserWarning: pandas only supports SQLAlchemy connectable (engine/connection) or database string URI or sqlite3 DBAPI2 connection. Other DBAPI2 objects are not tested. Please consider using SQLAlchemy.
  df = pd.read_sql(query, conn)
/root/isystem-1/app/Services/Keuangan/KasDss/python_ml/main.py:679: UserWarning: pandas only supports SQLAlchemy connectable (engine/connection) or database string URI or sqlite3 DBAPI2 connection. Other DBAPI2 objects are not tested. Please consider using SQLAlchemy.
  df = pd.read_sql(query, conn)
INFO:     Application startup complete.
INFO:     Uvicorn running on http://127.0.0.1:8000 (Press CTRL+C to quit)
Training ML Models from tb_kas...
Training complete.
INFO:     127.0.0.1:57938 - "POST /ocr-po HTTP/1.1" 200 OK
INFO:     Shutting down
INFO:     Waiting for application shutdown.
INFO:     Application shutdown complete.
INFO:     Finished server process [71055]
nohup: ignoring input
INFO:     Started server process [73222]
INFO:     Waiting for application startup.
/root/isystem-1/app/Services/Keuangan/KasDss/python_ml/main.py:658: UserWarning: pandas only supports SQLAlchemy connectable (engine/connection) or database string URI or sqlite3 DBAPI2 connection. Other DBAPI2 objects are not tested. Please consider using SQLAlchemy.
  names = pd.read_sql("SELECT Kode_Akun, Nama_Akun FROM tb_nabb", conn_names)
/root/isystem-1/app/Services/Keuangan/KasDss/python_ml/main.py:679: UserWarning: pandas only supports SQLAlchemy connectable (engine/connection) or database string URI or sqlite3 DBAPI2 connection. Other DBAPI2 objects are not tested. Please consider using SQLAlchemy.
  df = pd.read_sql(query, conn)
/root/isystem-1/app/Services/Keuangan/KasDss/python_ml/main.py:679: UserWarning: pandas only supports SQLAlchemy connectable (engine/connection) or database string URI or sqlite3 DBAPI2 connection. Other DBAPI2 objects are not tested. Please consider using SQLAlchemy.
  df = pd.read_sql(query, conn)
INFO:     Application startup complete.
INFO:     Uvicorn running on http://127.0.0.1:8000 (Press CTRL+C to quit)
Training ML Models from tb_kas...
Training complete.
INFO:     127.0.0.1:52758 - "POST /ocr-po HTTP/1.1" 200 OK
INFO:     127.0.0.1:55602 - "POST /ocr-po HTTP/1.1" 500 Internal Server Error
ERROR:    Exception in ASGI application
Traceback (most recent call last):
  File "/root/isystem-1/app/Services/Keuangan/KasDss/python_ml/venv/lib/python3.10/site-packages/fastapi/encoders.py", line 345, in jsonable_encoder
    data = dict(obj)
TypeError: 'numpy.int64' object is not iterable

During handling of the above exception, another exception occurred:

Traceback (most recent call last):
  File "/root/isystem-1/app/Services/Keuangan/KasDss/python_ml/venv/lib/python3.10/site-packages/fastapi/encoders.py", line 350, in jsonable_encoder
    data = vars(obj)
TypeError: vars() argument must have __dict__ attribute

The above exception was the direct cause of the following exception:

Traceback (most recent call last):
  File "/root/isystem-1/app/Services/Keuangan/KasDss/python_ml/venv/lib/python3.10/site-packages/uvicorn/protocols/http/h11_impl.py", line 416, in run_asgi
    result = await app(  # type: ignore[func-returns-value]
  File "/root/isystem-1/app/Services/Keuangan/KasDss/python_ml/venv/lib/python3.10/site-packages/uvicorn/middleware/proxy_headers.py", line 63, in __call__
    return await self.app(scope, receive, send)
  File "/root/isystem-1/app/Services/Keuangan/KasDss/python_ml/venv/lib/python3.10/site-packages/fastapi/applications.py", line 1163, in __call__
    await super().__call__(scope, receive, send)
  File "/root/isystem-1/app/Services/Keuangan/KasDss/python_ml/venv/lib/python3.10/site-packages/starlette/applications.py", line 90, in __call__
    await self.middleware_stack(scope, receive, send)
  File "/root/isystem-1/app/Services/Keuangan/KasDss/python_ml/venv/lib/python3.10/site-packages/starlette/middleware/errors.py", line 186, in __call__
    raise exc
  File "/root/isystem-1/app/Services/Keuangan/KasDss/python_ml/venv/lib/python3.10/site-packages/starlette/middleware/errors.py", line 164, in __call__
    await self.app(scope, receive, _send)
  File "/root/isystem-1/app/Services/Keuangan/KasDss/python_ml/venv/lib/python3.10/site-packages/starlette/middleware/exceptions.py", line 63, in __call__
    await wrap_app_handling_exceptions(self.app, conn)(scope, receive, send)
  File "/root/isystem-1/app/Services/Keuangan/KasDss/python_ml/venv/lib/python3.10/site-packages/starlette/_exception_handler.py", line 53, in wrapped_app
    raise exc
  File "/root/isystem-1/app/Services/Keuangan/KasDss/python_ml/venv/lib/python3.10/site-packages/starlette/_exception_handler.py", line 42, in wrapped_app
    await app(scope, receive, sender)
  File "/root/isystem-1/app/Services/Keuangan/KasDss/python_ml/venv/lib/python3.10/site-packages/fastapi/middleware/asyncexitstack.py", line 18, in __call__
    await self.app(scope, receive, send)
  File "/root/isystem-1/app/Services/Keuangan/KasDss/python_ml/venv/lib/python3.10/site-packages/starlette/routing.py", line 660, in __call__
    await self.middleware_stack(scope, receive, send)
  File "/root/isystem-1/app/Services/Keuangan/KasDss/python_ml/venv/lib/python3.10/site-packages/fastapi/routing.py", line 2685, in app
    await route.handle(scope, receive, send)
  File "/root/isystem-1/app/Services/Keuangan/KasDss/python_ml/venv/lib/python3.10/site-packages/fastapi/routing.py", line 1267, in handle
    await super().handle(scope, receive, send)
  File "/root/isystem-1/app/Services/Keuangan/KasDss/python_ml/venv/lib/python3.10/site-packages/starlette/routing.py", line 276, in handle
    await self.app(scope, receive, send)
  File "/root/isystem-1/app/Services/Keuangan/KasDss/python_ml/venv/lib/python3.10/site-packages/fastapi/routing.py", line 151, in app
    await wrap_app_handling_exceptions(app, request)(scope, receive, send)
  File "/root/isystem-1/app/Services/Keuangan/KasDss/python_ml/venv/lib/python3.10/site-packages/starlette/_exception_handler.py", line 53, in wrapped_app
    raise exc
  File "/root/isystem-1/app/Services/Keuangan/KasDss/python_ml/venv/lib/python3.10/site-packages/starlette/_exception_handler.py", line 42, in wrapped_app
    await app(scope, receive, sender)
  File "/root/isystem-1/app/Services/Keuangan/KasDss/python_ml/venv/lib/python3.10/site-packages/fastapi/routing.py", line 137, in app
    response = await f(request)
  File "/root/isystem-1/app/Services/Keuangan/KasDss/python_ml/venv/lib/python3.10/site-packages/fastapi/routing.py", line 712, in app
    content = await serialize_response(
  File "/root/isystem-1/app/Services/Keuangan/KasDss/python_ml/venv/lib/python3.10/site-packages/fastapi/routing.py", line 334, in serialize_response
    return jsonable_encoder(response_content)
  File "/root/isystem-1/app/Services/Keuangan/KasDss/python_ml/venv/lib/python3.10/site-packages/fastapi/encoders.py", line 306, in jsonable_encoder
    encoded_value = jsonable_encoder(
  File "/root/isystem-1/app/Services/Keuangan/KasDss/python_ml/venv/lib/python3.10/site-packages/fastapi/encoders.py", line 320, in jsonable_encoder
    jsonable_encoder(
  File "/root/isystem-1/app/Services/Keuangan/KasDss/python_ml/venv/lib/python3.10/site-packages/fastapi/encoders.py", line 306, in jsonable_encoder
    encoded_value = jsonable_encoder(
  File "/root/isystem-1/app/Services/Keuangan/KasDss/python_ml/venv/lib/python3.10/site-packages/fastapi/encoders.py", line 353, in jsonable_encoder
    raise ValueError(errors) from e
ValueError: [TypeError("'numpy.int64' object is not iterable"), TypeError('vars() argument must have __dict__ attribute')]
INFO:     Shutting down
INFO:     Waiting for application shutdown.
INFO:     Application shutdown complete.
INFO:     Finished server process [73222]
nohup: ignoring input
INFO:     Started server process [75541]
INFO:     Waiting for application startup.
/root/isystem-1/app/Services/Keuangan/KasDss/python_ml/main.py:658: UserWarning: pandas only supports SQLAlchemy connectable (engine/connection) or database string URI or sqlite3 DBAPI2 connection. Other DBAPI2 objects are not tested. Please consider using SQLAlchemy.
  names = pd.read_sql("SELECT Kode_Akun, Nama_Akun FROM tb_nabb", conn_names)
/root/isystem-1/app/Services/Keuangan/KasDss/python_ml/main.py:679: UserWarning: pandas only supports SQLAlchemy connectable (engine/connection) or database string URI or sqlite3 DBAPI2 connection. Other DBAPI2 objects are not tested. Please consider using SQLAlchemy.
  df = pd.read_sql(query, conn)
/root/isystem-1/app/Services/Keuangan/KasDss/python_ml/main.py:679: UserWarning: pandas only supports SQLAlchemy connectable (engine/connection) or database string URI or sqlite3 DBAPI2 connection. Other DBAPI2 objects are not tested. Please consider using SQLAlchemy.
  df = pd.read_sql(query, conn)
INFO:     Application startup complete.
INFO:     Uvicorn running on http://127.0.0.1:8000 (Press CTRL+C to quit)
Training ML Models from tb_kas...
Training complete.
INFO:     127.0.0.1:33700 - "GET /docs HTTP/1.1" 200 OK
INFO:     127.0.0.1:41308 - "POST /ocr-po HTTP/1.1" 200 OK
INFO:     Shutting down
INFO:     Waiting for application shutdown.
INFO:     Application shutdown complete.
INFO:     Finished server process [75541]
nohup: ignoring input
Traceback (most recent call last):
  File "/root/isystem-1/app/Services/Keuangan/KasDss/python_ml/./venv/bin/uvicorn", line 8, in <module>
    sys.exit(main())
  File "/root/isystem-1/app/Services/Keuangan/KasDss/python_ml/venv/lib/python3.10/site-packages/click/core.py", line 1569, in __call__
    return self.main(*args, **kwargs)
  File "/root/isystem-1/app/Services/Keuangan/KasDss/python_ml/venv/lib/python3.10/site-packages/click/core.py", line 1490, in main
    rv = self.invoke(ctx)
  File "/root/isystem-1/app/Services/Keuangan/KasDss/python_ml/venv/lib/python3.10/site-packages/click/core.py", line 1353, in invoke
    return ctx.invoke(self.callback, **ctx.params)
  File "/root/isystem-1/app/Services/Keuangan/KasDss/python_ml/venv/lib/python3.10/site-packages/click/core.py", line 907, in invoke
    return callback(*args, **kwargs)
  File "/root/isystem-1/app/Services/Keuangan/KasDss/python_ml/venv/lib/python3.10/site-packages/uvicorn/main.py", line 440, in main
    run(
  File "/root/isystem-1/app/Services/Keuangan/KasDss/python_ml/venv/lib/python3.10/site-packages/uvicorn/main.py", line 609, in run
    config.load_app()
  File "/root/isystem-1/app/Services/Keuangan/KasDss/python_ml/venv/lib/python3.10/site-packages/uvicorn/config.py", line 427, in load_app
    return import_from_string(self.app)
  File "/root/isystem-1/app/Services/Keuangan/KasDss/python_ml/venv/lib/python3.10/site-packages/uvicorn/importer.py", line 19, in import_from_string
    module = importlib.import_module(module_str)
  File "/usr/lib/python3.10/importlib/__init__.py", line 126, in import_module
    return _bootstrap._gcd_import(name[level:], package, level)
  File "<frozen importlib._bootstrap>", line 1050, in _gcd_import
  File "<frozen importlib._bootstrap>", line 1027, in _find_and_load
  File "<frozen importlib._bootstrap>", line 1006, in _find_and_load_unlocked
  File "<frozen importlib._bootstrap>", line 688, in _load_unlocked
  File "<frozen importlib._bootstrap_external>", line 879, in exec_module
  File "<frozen importlib._bootstrap_external>", line 1017, in get_code
  File "<frozen importlib._bootstrap_external>", line 947, in source_to_code
  File "<frozen importlib._bootstrap>", line 241, in _call_with_frames_removed
  File "/root/isystem-1/app/Services/Keuangan/KasDss/python_ml/main.py", line 641
    with open("/tmp/ocr_debug.json", "w") as fdebug:
    ^^^^
SyntaxError: expected 'except' or 'finally' block
nohup: ignoring input
Traceback (most recent call last):
  File "/root/isystem-1/app/Services/Keuangan/KasDss/python_ml/./venv/bin/uvicorn", line 8, in <module>
    sys.exit(main())
  File "/root/isystem-1/app/Services/Keuangan/KasDss/python_ml/venv/lib/python3.10/site-packages/click/core.py", line 1569, in __call__
    return self.main(*args, **kwargs)
  File "/root/isystem-1/app/Services/Keuangan/KasDss/python_ml/venv/lib/python3.10/site-packages/click/core.py", line 1490, in main
    rv = self.invoke(ctx)
  File "/root/isystem-1/app/Services/Keuangan/KasDss/python_ml/venv/lib/python3.10/site-packages/click/core.py", line 1353, in invoke
    return ctx.invoke(self.callback, **ctx.params)
  File "/root/isystem-1/app/Services/Keuangan/KasDss/python_ml/venv/lib/python3.10/site-packages/click/core.py", line 907, in invoke
    return callback(*args, **kwargs)
  File "/root/isystem-1/app/Services/Keuangan/KasDss/python_ml/venv/lib/python3.10/site-packages/uvicorn/main.py", line 440, in main
    run(
  File "/root/isystem-1/app/Services/Keuangan/KasDss/python_ml/venv/lib/python3.10/site-packages/uvicorn/main.py", line 609, in run
    config.load_app()
  File "/root/isystem-1/app/Services/Keuangan/KasDss/python_ml/venv/lib/python3.10/site-packages/uvicorn/config.py", line 427, in load_app
    return import_from_string(self.app)
  File "/root/isystem-1/app/Services/Keuangan/KasDss/python_ml/venv/lib/python3.10/site-packages/uvicorn/importer.py", line 19, in import_from_string
    module = importlib.import_module(module_str)
  File "/usr/lib/python3.10/importlib/__init__.py", line 126, in import_module
    return _bootstrap._gcd_import(name[level:], package, level)
  File "<frozen importlib._bootstrap>", line 1050, in _gcd_import
  File "<frozen importlib._bootstrap>", line 1027, in _find_and_load
  File "<frozen importlib._bootstrap>", line 1006, in _find_and_load_unlocked
  File "<frozen importlib._bootstrap>", line 688, in _load_unlocked
  File "<frozen importlib._bootstrap_external>", line 879, in exec_module
  File "<frozen importlib._bootstrap_external>", line 1017, in get_code
  File "<frozen importlib._bootstrap_external>", line 947, in source_to_code
  File "<frozen importlib._bootstrap>", line 241, in _call_with_frames_removed
  File "/root/isystem-1/app/Services/Keuangan/KasDss/python_ml/main.py", line 641
    with open("/tmp/ocr_debug.json", "w") as fdebug:
    ^^^^
SyntaxError: expected 'except' or 'finally' block
nohup: ignoring input
Traceback (most recent call last):
  File "/root/isystem-1/app/Services/Keuangan/KasDss/python_ml/./venv/bin/uvicorn", line 8, in <module>
    sys.exit(main())
  File "/root/isystem-1/app/Services/Keuangan/KasDss/python_ml/venv/lib/python3.10/site-packages/click/core.py", line 1569, in __call__
    return self.main(*args, **kwargs)
  File "/root/isystem-1/app/Services/Keuangan/KasDss/python_ml/venv/lib/python3.10/site-packages/click/core.py", line 1490, in main
    rv = self.invoke(ctx)
  File "/root/isystem-1/app/Services/Keuangan/KasDss/python_ml/venv/lib/python3.10/site-packages/click/core.py", line 1353, in invoke
    return ctx.invoke(self.callback, **ctx.params)
  File "/root/isystem-1/app/Services/Keuangan/KasDss/python_ml/venv/lib/python3.10/site-packages/click/core.py", line 907, in invoke
    return callback(*args, **kwargs)
  File "/root/isystem-1/app/Services/Keuangan/KasDss/python_ml/venv/lib/python3.10/site-packages/uvicorn/main.py", line 440, in main
    run(
  File "/root/isystem-1/app/Services/Keuangan/KasDss/python_ml/venv/lib/python3.10/site-packages/uvicorn/main.py", line 609, in run
    config.load_app()
  File "/root/isystem-1/app/Services/Keuangan/KasDss/python_ml/venv/lib/python3.10/site-packages/uvicorn/config.py", line 427, in load_app
    return import_from_string(self.app)
  File "/root/isystem-1/app/Services/Keuangan/KasDss/python_ml/venv/lib/python3.10/site-packages/uvicorn/importer.py", line 19, in import_from_string
    module = importlib.import_module(module_str)
  File "/usr/lib/python3.10/importlib/__init__.py", line 126, in import_module
    return _bootstrap._gcd_import(name[level:], package, level)
  File "<frozen importlib._bootstrap>", line 1050, in _gcd_import
  File "<frozen importlib._bootstrap>", line 1027, in _find_and_load
  File "<frozen importlib._bootstrap>", line 1006, in _find_and_load_unlocked
  File "<frozen importlib._bootstrap>", line 688, in _load_unlocked
  File "<frozen importlib._bootstrap_external>", line 883, in exec_module
  File "<frozen importlib._bootstrap>", line 241, in _call_with_frames_removed
  File "/root/isystem-1/app/Services/Keuangan/KasDss/python_ml/main.py", line 1132, in <module>
    async def ocr_po(file: UploadFile = File(...)):
NameError: name 'File' is not defined
nohup: ignoring input
INFO:     Started server process [78824]
INFO:     Waiting for application startup.
/root/isystem-1/app/Services/Keuangan/KasDss/python_ml/main.py:658: UserWarning: pandas only supports SQLAlchemy connectable (engine/connection) or database string URI or sqlite3 DBAPI2 connection. Other DBAPI2 objects are not tested. Please consider using SQLAlchemy.
  names = pd.read_sql("SELECT Kode_Akun, Nama_Akun FROM tb_nabb", conn_names)
/root/isystem-1/app/Services/Keuangan/KasDss/python_ml/main.py:679: UserWarning: pandas only supports SQLAlchemy connectable (engine/connection) or database string URI or sqlite3 DBAPI2 connection. Other DBAPI2 objects are not tested. Please consider using SQLAlchemy.
  df = pd.read_sql(query, conn)
/root/isystem-1/app/Services/Keuangan/KasDss/python_ml/main.py:679: UserWarning: pandas only supports SQLAlchemy connectable (engine/connection) or database string URI or sqlite3 DBAPI2 connection. Other DBAPI2 objects are not tested. Please consider using SQLAlchemy.
  df = pd.read_sql(query, conn)
INFO:     Application startup complete.
INFO:     Uvicorn running on http://127.0.0.1:8000 (Press CTRL+C to quit)
Training ML Models from tb_kas...
Training complete.
INFO:     127.0.0.1:49734 - "POST /ocr-po HTTP/1.1" 200 OK
INFO:     127.0.0.1:33250 - "POST /ocr-po HTTP/1.1" 500 Internal Server Error
ERROR:    Exception in ASGI application
Traceback (most recent call last):
  File "/root/isystem-1/app/Services/Keuangan/KasDss/python_ml/venv/lib/python3.10/site-packages/uvicorn/protocols/http/h11_impl.py", line 416, in run_asgi
    result = await app(  # type: ignore[func-returns-value]
  File "/root/isystem-1/app/Services/Keuangan/KasDss/python_ml/venv/lib/python3.10/site-packages/uvicorn/middleware/proxy_headers.py", line 63, in __call__
    return await self.app(scope, receive, send)
  File "/root/isystem-1/app/Services/Keuangan/KasDss/python_ml/venv/lib/python3.10/site-packages/fastapi/applications.py", line 1163, in __call__
    await super().__call__(scope, receive, send)
  File "/root/isystem-1/app/Services/Keuangan/KasDss/python_ml/venv/lib/python3.10/site-packages/starlette/applications.py", line 90, in __call__
    await self.middleware_stack(scope, receive, send)
  File "/root/isystem-1/app/Services/Keuangan/KasDss/python_ml/venv/lib/python3.10/site-packages/starlette/middleware/errors.py", line 186, in __call__
    raise exc
  File "/root/isystem-1/app/Services/Keuangan/KasDss/python_ml/venv/lib/python3.10/site-packages/starlette/middleware/errors.py", line 164, in __call__
    await self.app(scope, receive, _send)
  File "/root/isystem-1/app/Services/Keuangan/KasDss/python_ml/venv/lib/python3.10/site-packages/starlette/middleware/exceptions.py", line 63, in __call__
    await wrap_app_handling_exceptions(self.app, conn)(scope, receive, send)
  File "/root/isystem-1/app/Services/Keuangan/KasDss/python_ml/venv/lib/python3.10/site-packages/starlette/_exception_handler.py", line 53, in wrapped_app
    raise exc
  File "/root/isystem-1/app/Services/Keuangan/KasDss/python_ml/venv/lib/python3.10/site-packages/starlette/_exception_handler.py", line 42, in wrapped_app
    await app(scope, receive, sender)
  File "/root/isystem-1/app/Services/Keuangan/KasDss/python_ml/venv/lib/python3.10/site-packages/fastapi/middleware/asyncexitstack.py", line 18, in __call__
    await self.app(scope, receive, send)
  File "/root/isystem-1/app/Services/Keuangan/KasDss/python_ml/venv/lib/python3.10/site-packages/starlette/routing.py", line 660, in __call__
    await self.middleware_stack(scope, receive, send)
  File "/root/isystem-1/app/Services/Keuangan/KasDss/python_ml/venv/lib/python3.10/site-packages/fastapi/routing.py", line 2685, in app
    await route.handle(scope, receive, send)
  File "/root/isystem-1/app/Services/Keuangan/KasDss/python_ml/venv/lib/python3.10/site-packages/fastapi/routing.py", line 1267, in handle
    await super().handle(scope, receive, send)
  File "/root/isystem-1/app/Services/Keuangan/KasDss/python_ml/venv/lib/python3.10/site-packages/starlette/routing.py", line 276, in handle
    await self.app(scope, receive, send)
  File "/root/isystem-1/app/Services/Keuangan/KasDss/python_ml/venv/lib/python3.10/site-packages/fastapi/routing.py", line 151, in app
    await wrap_app_handling_exceptions(app, request)(scope, receive, send)
  File "/root/isystem-1/app/Services/Keuangan/KasDss/python_ml/venv/lib/python3.10/site-packages/starlette/_exception_handler.py", line 53, in wrapped_app
    raise exc
  File "/root/isystem-1/app/Services/Keuangan/KasDss/python_ml/venv/lib/python3.10/site-packages/starlette/_exception_handler.py", line 42, in wrapped_app
    await app(scope, receive, sender)
  File "/root/isystem-1/app/Services/Keuangan/KasDss/python_ml/venv/lib/python3.10/site-packages/fastapi/routing.py", line 137, in app
    response = await f(request)
  File "/root/isystem-1/app/Services/Keuangan/KasDss/python_ml/venv/lib/python3.10/site-packages/fastapi/routing.py", line 691, in app
    raw_response = await run_endpoint_function(
  File "/root/isystem-1/app/Services/Keuangan/KasDss/python_ml/venv/lib/python3.10/site-packages/fastapi/routing.py", line 345, in run_endpoint_function
    return await dependant.call(**values)
  File "/root/isystem-1/app/Services/Keuangan/KasDss/python_ml/main.py", line 1218, in ocr_po
    cust_match = fuzzy_match_items([top_lines], conn, "tb_cs", "kd_cs", "nm_cs")
NameError: name 'fuzzy_match_items' is not defined
INFO:     Shutting down
INFO:     Waiting for application shutdown.
INFO:     Application shutdown complete.
INFO:     Finished server process [78824]
nohup: ignoring input
INFO:     Started server process [79792]
INFO:     Waiting for application startup.
/root/isystem-1/app/Services/Keuangan/KasDss/python_ml/main.py:658: UserWarning: pandas only supports SQLAlchemy connectable (engine/connection) or database string URI or sqlite3 DBAPI2 connection. Other DBAPI2 objects are not tested. Please consider using SQLAlchemy.
  names = pd.read_sql("SELECT Kode_Akun, Nama_Akun FROM tb_nabb", conn_names)
/root/isystem-1/app/Services/Keuangan/KasDss/python_ml/main.py:679: UserWarning: pandas only supports SQLAlchemy connectable (engine/connection) or database string URI or sqlite3 DBAPI2 connection. Other DBAPI2 objects are not tested. Please consider using SQLAlchemy.
  df = pd.read_sql(query, conn)
/root/isystem-1/app/Services/Keuangan/KasDss/python_ml/main.py:679: UserWarning: pandas only supports SQLAlchemy connectable (engine/connection) or database string URI or sqlite3 DBAPI2 connection. Other DBAPI2 objects are not tested. Please consider using SQLAlchemy.
  df = pd.read_sql(query, conn)
INFO:     Application startup complete.
INFO:     Uvicorn running on http://127.0.0.1:8000 (Press CTRL+C to quit)
Training ML Models from tb_kas...
Training complete.
INFO:     127.0.0.1:45302 - "POST /ocr-po HTTP/1.1" 200 OK
INFO:     127.0.0.1:45662 - "POST /ocr-po HTTP/1.1" 200 OK
INFO:     Shutting down
INFO:     Waiting for application shutdown.
INFO:     Application shutdown complete.
INFO:     Finished server process [79792]
nohup: ignoring input
INFO:     Started server process [82536]
INFO:     Waiting for application startup.
/root/isystem-1/app/Services/Keuangan/KasDss/python_ml/main.py:658: UserWarning: pandas only supports SQLAlchemy connectable (engine/connection) or database string URI or sqlite3 DBAPI2 connection. Other DBAPI2 objects are not tested. Please consider using SQLAlchemy.
  names = pd.read_sql("SELECT Kode_Akun, Nama_Akun FROM tb_nabb", conn_names)
/root/isystem-1/app/Services/Keuangan/KasDss/python_ml/main.py:679: UserWarning: pandas only supports SQLAlchemy connectable (engine/connection) or database string URI or sqlite3 DBAPI2 connection. Other DBAPI2 objects are not tested. Please consider using SQLAlchemy.
  df = pd.read_sql(query, conn)
/root/isystem-1/app/Services/Keuangan/KasDss/python_ml/main.py:679: UserWarning: pandas only supports SQLAlchemy connectable (engine/connection) or database string URI or sqlite3 DBAPI2 connection. Other DBAPI2 objects are not tested. Please consider using SQLAlchemy.
  df = pd.read_sql(query, conn)
INFO:     Application startup complete.
INFO:     Uvicorn running on http://127.0.0.1:8000 (Press CTRL+C to quit)
INFO:     Shutting down
INFO:     Waiting for application shutdown.
INFO:     Application shutdown complete.
INFO:     Finished server process [82536]
nohup: ignoring input
INFO:     Started server process [83883]
INFO:     Waiting for application startup.
/root/isystem-1/app/Services/Keuangan/KasDss/python_ml/main.py:658: UserWarning: pandas only supports SQLAlchemy connectable (engine/connection) or database string URI or sqlite3 DBAPI2 connection. Other DBAPI2 objects are not tested. Please consider using SQLAlchemy.
  names = pd.read_sql("SELECT Kode_Akun, Nama_Akun FROM tb_nabb", conn_names)
/root/isystem-1/app/Services/Keuangan/KasDss/python_ml/main.py:679: UserWarning: pandas only supports SQLAlchemy connectable (engine/connection) or database string URI or sqlite3 DBAPI2 connection. Other DBAPI2 objects are not tested. Please consider using SQLAlchemy.
  df = pd.read_sql(query, conn)
/root/isystem-1/app/Services/Keuangan/KasDss/python_ml/main.py:679: UserWarning: pandas only supports SQLAlchemy connectable (engine/connection) or database string URI or sqlite3 DBAPI2 connection. Other DBAPI2 objects are not tested. Please consider using SQLAlchemy.
  df = pd.read_sql(query, conn)
INFO:     Application startup complete.
INFO:     Uvicorn running on http://127.0.0.1:8000 (Press CTRL+C to quit)
Training ML Models from tb_kas...
Training complete.
INFO:     127.0.0.1:41920 - "POST /ocr-po HTTP/1.1" 200 OK
INFO:     127.0.0.1:53186 - "POST /ocr-po HTTP/1.1" 200 OK
INFO:     127.0.0.1:33768 - "POST /ocr-po HTTP/1.1" 200 OK
INFO:     127.0.0.1:40534 - "POST /ocr-po HTTP/1.1" 200 OK
INFO:     127.0.0.1:37652 - "POST /ocr-po HTTP/1.1" 200 OK
